Analysis & Synthesis report for mips-multiciclo
Tue Jul 12 21:43:58 2016
Quartus II 64-Bit Version 13.0.0 Build 156 04/24/2013 SJ Web Edition


---------------------
; Table of Contents ;
---------------------
  1. Legal Notice
  2. Analysis & Synthesis Summary
  3. Analysis & Synthesis Settings
  4. Parallel Compilation
  5. Analysis & Synthesis Source Files Read
  6. Analysis & Synthesis Resource Usage Summary
  7. Analysis & Synthesis Resource Utilization by Entity
  8. General Register Statistics
  9. Elapsed Time Per Partition
 10. Analysis & Synthesis Messages



----------------
; Legal Notice ;
----------------
Copyright (C) 1991-2013 Altera Corporation
Your use of Altera Corporation's design tools, logic functions 
and other software and tools, and its AMPP partner logic 
functions, and any output files from any of the foregoing 
(including device programming or simulation files), and any 
associated documentation or information are expressly subject 
to the terms and conditions of the Altera Program License 
Subscription Agreement, Altera MegaCore Function License 
Agreement, or other applicable license agreement, including, 
without limitation, that your use is for the sole purpose of 
programming logic devices manufactured by Altera and sold by 
Altera or its authorized distributors.  Please refer to the 
applicable agreement for further details.



+---------------------------------------------------------------------------------+
; Analysis & Synthesis Summary                                                    ;
+------------------------------------+--------------------------------------------+
; Analysis & Synthesis Status        ; Successful - Tue Jul 12 21:43:58 2016      ;
; Quartus II 64-Bit Version          ; 13.0.0 Build 156 04/24/2013 SJ Web Edition ;
; Revision Name                      ; mips-multiciclo                            ;
; Top-level Entity Name              ; toplevel                                   ;
; Family                             ; Cyclone II                                 ;
; Total logic elements               ; 0                                          ;
;     Total combinational functions  ; 0                                          ;
;     Dedicated logic registers      ; 0                                          ;
; Total registers                    ; 0                                          ;
; Total pins                         ; 64                                         ;
; Total virtual pins                 ; 0                                          ;
; Total memory bits                  ; 0                                          ;
; Embedded Multiplier 9-bit elements ; 0                                          ;
; Total PLLs                         ; 0                                          ;
+------------------------------------+--------------------------------------------+


+----------------------------------------------------------------------------------------------------------------------+
; Analysis & Synthesis Settings                                                                                        ;
+----------------------------------------------------------------------------+--------------------+--------------------+
; Option                                                                     ; Setting            ; Default Value      ;
+----------------------------------------------------------------------------+--------------------+--------------------+
; Device                                                                     ; EP2C35F672C6       ;                    ;
; Top-level entity name                                                      ; toplevel           ; mips-multiciclo    ;
; Family name                                                                ; Cyclone II         ; Cyclone IV GX      ;
; Use smart compilation                                                      ; Off                ; Off                ;
; Enable parallel Assembler and TimeQuest Timing Analyzer during compilation ; On                 ; On                 ;
; Enable compact report table                                                ; Off                ; Off                ;
; Restructure Multiplexers                                                   ; Auto               ; Auto               ;
; Create Debugging Nodes for IP Cores                                        ; Off                ; Off                ;
; Preserve fewer node names                                                  ; On                 ; On                 ;
; Disable OpenCore Plus hardware evaluation                                  ; Off                ; Off                ;
; Verilog Version                                                            ; Verilog_2001       ; Verilog_2001       ;
; VHDL Version                                                               ; VHDL_1993          ; VHDL_1993          ;
; State Machine Processing                                                   ; Auto               ; Auto               ;
; Safe State Machine                                                         ; Off                ; Off                ;
; Extract Verilog State Machines                                             ; On                 ; On                 ;
; Extract VHDL State Machines                                                ; On                 ; On                 ;
; Ignore Verilog initial constructs                                          ; Off                ; Off                ;
; Iteration limit for constant Verilog loops                                 ; 5000               ; 5000               ;
; Iteration limit for non-constant Verilog loops                             ; 250                ; 250                ;
; Add Pass-Through Logic to Inferred RAMs                                    ; On                 ; On                 ;
; Infer RAMs from Raw Logic                                                  ; On                 ; On                 ;
; Parallel Synthesis                                                         ; On                 ; On                 ;
; DSP Block Balancing                                                        ; Auto               ; Auto               ;
; NOT Gate Push-Back                                                         ; On                 ; On                 ;
; Power-Up Don't Care                                                        ; On                 ; On                 ;
; Remove Redundant Logic Cells                                               ; Off                ; Off                ;
; Remove Duplicate Registers                                                 ; On                 ; On                 ;
; Ignore CARRY Buffers                                                       ; Off                ; Off                ;
; Ignore CASCADE Buffers                                                     ; Off                ; Off                ;
; Ignore GLOBAL Buffers                                                      ; Off                ; Off                ;
; Ignore ROW GLOBAL Buffers                                                  ; Off                ; Off                ;
; Ignore LCELL Buffers                                                       ; Off                ; Off                ;
; Ignore SOFT Buffers                                                        ; On                 ; On                 ;
; Limit AHDL Integers to 32 Bits                                             ; Off                ; Off                ;
; Optimization Technique                                                     ; Balanced           ; Balanced           ;
; Carry Chain Length                                                         ; 70                 ; 70                 ;
; Auto Carry Chains                                                          ; On                 ; On                 ;
; Auto Open-Drain Pins                                                       ; On                 ; On                 ;
; Perform WYSIWYG Primitive Resynthesis                                      ; Off                ; Off                ;
; Auto ROM Replacement                                                       ; On                 ; On                 ;
; Auto RAM Replacement                                                       ; On                 ; On                 ;
; Auto Shift Register Replacement                                            ; Auto               ; Auto               ;
; Allow Shift Register Merging across Hierarchies                            ; Auto               ; Auto               ;
; Auto Clock Enable Replacement                                              ; On                 ; On                 ;
; Strict RAM Replacement                                                     ; Off                ; Off                ;
; Allow Synchronous Control Signals                                          ; On                 ; On                 ;
; Force Use of Synchronous Clear Signals                                     ; Off                ; Off                ;
; Auto RAM to Logic Cell Conversion                                          ; Off                ; Off                ;
; Auto Resource Sharing                                                      ; Off                ; Off                ;
; Allow Any RAM Size For Recognition                                         ; Off                ; Off                ;
; Allow Any ROM Size For Recognition                                         ; Off                ; Off                ;
; Allow Any Shift Register Size For Recognition                              ; Off                ; Off                ;
; Use LogicLock Constraints during Resource Balancing                        ; On                 ; On                 ;
; Ignore translate_off and synthesis_off directives                          ; Off                ; Off                ;
; Timing-Driven Synthesis                                                    ; Off                ; Off                ;
; Report Parameter Settings                                                  ; On                 ; On                 ;
; Report Source Assignments                                                  ; On                 ; On                 ;
; Report Connectivity Checks                                                 ; On                 ; On                 ;
; Ignore Maximum Fan-Out Assignments                                         ; Off                ; Off                ;
; Synchronization Register Chain Length                                      ; 2                  ; 2                  ;
; PowerPlay Power Optimization                                               ; Normal compilation ; Normal compilation ;
; HDL message level                                                          ; Level2             ; Level2             ;
; Suppress Register Optimization Related Messages                            ; Off                ; Off                ;
; Number of Removed Registers Reported in Synthesis Report                   ; 5000               ; 5000               ;
; Number of Swept Nodes Reported in Synthesis Report                         ; 5000               ; 5000               ;
; Number of Inverted Registers Reported in Synthesis Report                  ; 100                ; 100                ;
; Clock MUX Protection                                                       ; On                 ; On                 ;
; Auto Gated Clock Conversion                                                ; Off                ; Off                ;
; Block Design Naming                                                        ; Auto               ; Auto               ;
; SDC constraint protection                                                  ; Off                ; Off                ;
; Synthesis Effort                                                           ; Auto               ; Auto               ;
; Shift Register Replacement - Allow Asynchronous Clear Signal               ; On                 ; On                 ;
; Pre-Mapping Resynthesis Optimization                                       ; Off                ; Off                ;
; Analysis & Synthesis Message Level                                         ; Medium             ; Medium             ;
; Disable Register Merging Across Hierarchies                                ; Auto               ; Auto               ;
; Resource Aware Inference For Block RAM                                     ; On                 ; On                 ;
; Synthesis Seed                                                             ; 1                  ; 1                  ;
+----------------------------------------------------------------------------+--------------------+--------------------+


Parallel compilation was disabled, but you have multiple processors available. Enable parallel compilation to reduce compilation time.
+-------------------------------------+
; Parallel Compilation                ;
+----------------------------+--------+
; Processors                 ; Number ;
+----------------------------+--------+
; Number detected on machine ; 2      ;
; Maximum allowed            ; 1      ;
+----------------------------+--------+


+------------------------------------------------------------------------------------------------------------------------------------------------+
; Analysis & Synthesis Source Files Read                                                                                                         ;
+----------------------------------+-----------------+-----------------+---------------------------------------------------------------+---------+
; File Name with User-Entered Path ; Used in Netlist ; File Type       ; File Name with Absolute Path                                  ; Library ;
+----------------------------------+-----------------+-----------------+---------------------------------------------------------------+---------+
; toplevel.vhd                     ; yes             ; User VHDL File  ; /home/myf/github/ufsc/sd/mips-multiciclo/quartus/toplevel.vhd ;         ;
+----------------------------------+-----------------+-----------------+---------------------------------------------------------------+---------+


+-----------------------------------------------------+
; Analysis & Synthesis Resource Usage Summary         ;
+---------------------------------------------+-------+
; Resource                                    ; Usage ;
+---------------------------------------------+-------+
;                                             ;       ;
; Total combinational functions               ; 0     ;
; Logic element usage by number of LUT inputs ;       ;
;     -- 4 input functions                    ; 0     ;
;     -- 3 input functions                    ; 0     ;
;     -- <=2 input functions                  ; 0     ;
;                                             ;       ;
; Logic elements by mode                      ;       ;
;     -- normal mode                          ; 0     ;
;     -- arithmetic mode                      ; 0     ;
;                                             ;       ;
; Total registers                             ; 0     ;
;     -- Dedicated logic registers            ; 0     ;
;     -- I/O registers                        ; 0     ;
;                                             ;       ;
; I/O pins                                    ; 64    ;
; Embedded Multiplier 9-bit elements          ; 0     ;
+---------------------------------------------+-------+


+-----------------------------------------------------------------------------------------------------------------------------------------------------------------------------+
; Analysis & Synthesis Resource Utilization by Entity                                                                                                                         ;
+----------------------------+-------------------+--------------+-------------+--------------+---------+-----------+------+--------------+---------------------+--------------+
; Compilation Hierarchy Node ; LC Combinationals ; LC Registers ; Memory Bits ; DSP Elements ; DSP 9x9 ; DSP 18x18 ; Pins ; Virtual Pins ; Full Hierarchy Name ; Library Name ;
+----------------------------+-------------------+--------------+-------------+--------------+---------+-----------+------+--------------+---------------------+--------------+
; |toplevel                  ; 0 (0)             ; 0 (0)        ; 0           ; 0            ; 0       ; 0         ; 64   ; 0            ; |toplevel           ;              ;
+----------------------------+-------------------+--------------+-------------+--------------+---------+-----------+------+--------------+---------------------+--------------+
Note: For table entries with two numbers listed, the numbers in parentheses indicate the number of resources of the given type used by the specific entity alone. The numbers listed outside of parentheses indicate the total resources of the given type used by the specific entity and all of its sub-entities in the hierarchy.


+------------------------------------------------------+
; General Register Statistics                          ;
+----------------------------------------------+-------+
; Statistic                                    ; Value ;
+----------------------------------------------+-------+
; Total registers                              ; 0     ;
; Number of registers using Synchronous Clear  ; 0     ;
; Number of registers using Synchronous Load   ; 0     ;
; Number of registers using Asynchronous Clear ; 0     ;
; Number of registers using Asynchronous Load  ; 0     ;
; Number of registers using Clock Enable       ; 0     ;
; Number of registers using Preset             ; 0     ;
+----------------------------------------------+-------+


+-------------------------------+
; Elapsed Time Per Partition    ;
+----------------+--------------+
; Partition Name ; Elapsed Time ;
+----------------+--------------+
; Top            ; 00:00:00     ;
+----------------+--------------+


+-------------------------------+
; Analysis & Synthesis Messages ;
+-------------------------------+
Info: *******************************************************************
Info: Running Quartus II 64-Bit Analysis & Synthesis
    Info: Version 13.0.0 Build 156 04/24/2013 SJ Web Edition
    Info: Processing started: Tue Jul 12 21:43:53 2016
Info: Command: quartus_map --read_settings_files=on --write_settings_files=off mips-multiciclo -c mips-multiciclo
Warning (20028): Parallel compilation is not licensed and has been disabled
Info (12021): Found 2 design units, including 1 entities, in source file mux2x1_32.vhd
    Info (12022): Found design unit 1: mux2x1_32-behavior
    Info (12023): Found entity 1: mux2x1_32
Info (12021): Found 2 design units, including 1 entities, in source file mux4x1_32.vhd
    Info (12022): Found design unit 1: mux4x1_32-behavior
    Info (12023): Found entity 1: mux4x1_32
Info (12021): Found 2 design units, including 1 entities, in source file mux2x1_5.vhd
    Info (12022): Found design unit 1: mux2x1_5-behavior
    Info (12023): Found entity 1: mux2x1_5
Info (12021): Found 2 design units, including 1 entities, in source file extend16_32.vhd
    Info (12022): Found design unit 1: extend16_32-behavior
    Info (12023): Found entity 1: extend16_32
Info (12021): Found 2 design units, including 1 entities, in source file shift.vhd
    Info (12022): Found design unit 1: shift-behavior
    Info (12023): Found entity 1: shift
Info (12021): Found 2 design units, including 1 entities, in source file toplevel.vhd
    Info (12022): Found design unit 1: toplevel-arch
    Info (12023): Found entity 1: toplevel
Info (12021): Found 2 design units, including 1 entities, in source file dataregister.vhd
    Info (12022): Found design unit 1: dataregister-behavior
    Info (12023): Found entity 1: dataregister
Info (12021): Found 2 design units, including 1 entities, in source file mux3x1_32.vhd
    Info (12022): Found design unit 1: mux3x1_32-behavior
    Info (12023): Found entity 1: mux3x1_32
Info (12021): Found 2 design units, including 1 entities, in source file fulladder.vhd
    Info (12022): Found design unit 1: fulladder-behavior
    Info (12023): Found entity 1: fulladder
Info (12021): Found 2 design units, including 1 entities, in source file model.vhd
    Info (12022): Found design unit 1: name-behavior
    Info (12023): Found entity 1: name
Info (12021): Found 2 design units, including 1 entities, in source file operationULA.vhd
    Info (12022): Found design unit 1: operationULA-behavior
    Info (12023): Found entity 1: operationULA
Info (12021): Found 2 design units, including 1 entities, in source file ULA.vhd
    Info (12022): Found design unit 1: ULA-behavior
    Info (12023): Found entity 1: ULA
Info (12021): Found 2 design units, including 1 entities, in source file bram.vhd
    Info (12022): Found design unit 1: bram-SYN
    Info (12023): Found entity 1: bram
Info (12021): Found 2 design units, including 1 entities, in source file bank_registers.vhd
    Info (12022): Found design unit 1: bank_registers-comportamental
    Info (12023): Found entity 1: bank_registers
Info (12021): Found 2 design units, including 1 entities, in source file blocoControle.vhd
    Info (12022): Found design unit 1: blocoControle-FSMcomportamental
    Info (12023): Found entity 1: blocoControle
Info (12021): Found 2 design units, including 1 entities, in source file blocoOperativo.vhd
    Info (12022): Found design unit 1: blocoOperativo-estrutural
    Info (12023): Found entity 1: blocoOperativo
Info (12021): Found 2 design units, including 1 entities, in source file mem.vhd
    Info (12022): Found design unit 1: mem-behavior
    Info (12023): Found entity 1: mem
Info (12127): Elaborating entity "toplevel" for the top level hierarchy
Warning (10541): VHDL Signal Declaration warning at toplevel.vhd(7): used implicit default value for signal "output" because signal was never assigned a value or an explicit default value. Use of implicit default value may introduce unintended design optimizations.
Warning (13024): Output pins are stuck at VCC or GND
    Warning (13410): Pin "output[0]" is stuck at GND
    Warning (13410): Pin "output[1]" is stuck at GND
    Warning (13410): Pin "output[2]" is stuck at GND
    Warning (13410): Pin "output[3]" is stuck at GND
    Warning (13410): Pin "output[4]" is stuck at GND
    Warning (13410): Pin "output[5]" is stuck at GND
    Warning (13410): Pin "output[6]" is stuck at GND
    Warning (13410): Pin "output[7]" is stuck at GND
    Warning (13410): Pin "output[8]" is stuck at GND
    Warning (13410): Pin "output[9]" is stuck at GND
    Warning (13410): Pin "output[10]" is stuck at GND
    Warning (13410): Pin "output[11]" is stuck at GND
    Warning (13410): Pin "output[12]" is stuck at GND
    Warning (13410): Pin "output[13]" is stuck at GND
    Warning (13410): Pin "output[14]" is stuck at GND
    Warning (13410): Pin "output[15]" is stuck at GND
    Warning (13410): Pin "output[16]" is stuck at GND
    Warning (13410): Pin "output[17]" is stuck at GND
    Warning (13410): Pin "output[18]" is stuck at GND
    Warning (13410): Pin "output[19]" is stuck at GND
    Warning (13410): Pin "output[20]" is stuck at GND
    Warning (13410): Pin "output[21]" is stuck at GND
    Warning (13410): Pin "output[22]" is stuck at GND
    Warning (13410): Pin "output[23]" is stuck at GND
    Warning (13410): Pin "output[24]" is stuck at GND
    Warning (13410): Pin "output[25]" is stuck at GND
    Warning (13410): Pin "output[26]" is stuck at GND
    Warning (13410): Pin "output[27]" is stuck at GND
    Warning (13410): Pin "output[28]" is stuck at GND
    Warning (13410): Pin "output[29]" is stuck at GND
    Warning (13410): Pin "output[30]" is stuck at GND
    Warning (13410): Pin "output[31]" is stuck at GND
Info (16010): Generating hard_block partition "hard_block:auto_generated_inst"
    Info (16011): Adding 0 node(s), including 0 DDIO, 0 PLL, 0 transceiver and 0 LCELL
Warning (21074): Design contains 32 input pin(s) that do not drive logic
    Warning (15610): No output dependent on input pin "input[0]"
    Warning (15610): No output dependent on input pin "input[1]"
    Warning (15610): No output dependent on input pin "input[2]"
    Warning (15610): No output dependent on input pin "input[3]"
    Warning (15610): No output dependent on input pin "input[4]"
    Warning (15610): No output dependent on input pin "input[5]"
    Warning (15610): No output dependent on input pin "input[6]"
    Warning (15610): No output dependent on input pin "input[7]"
    Warning (15610): No output dependent on input pin "input[8]"
    Warning (15610): No output dependent on input pin "input[9]"
    Warning (15610): No output dependent on input pin "input[10]"
    Warning (15610): No output dependent on input pin "input[11]"
    Warning (15610): No output dependent on input pin "input[12]"
    Warning (15610): No output dependent on input pin "input[13]"
    Warning (15610): No output dependent on input pin "input[14]"
    Warning (15610): No output dependent on input pin "input[15]"
    Warning (15610): No output dependent on input pin "input[16]"
    Warning (15610): No output dependent on input pin "input[17]"
    Warning (15610): No output dependent on input pin "input[18]"
    Warning (15610): No output dependent on input pin "input[19]"
    Warning (15610): No output dependent on input pin "input[20]"
    Warning (15610): No output dependent on input pin "input[21]"
    Warning (15610): No output dependent on input pin "input[22]"
    Warning (15610): No output dependent on input pin "input[23]"
    Warning (15610): No output dependent on input pin "input[24]"
    Warning (15610): No output dependent on input pin "input[25]"
    Warning (15610): No output dependent on input pin "input[26]"
    Warning (15610): No output dependent on input pin "input[27]"
    Warning (15610): No output dependent on input pin "input[28]"
    Warning (15610): No output dependent on input pin "input[29]"
    Warning (15610): No output dependent on input pin "input[30]"
    Warning (15610): No output dependent on input pin "input[31]"
Info (21057): Implemented 64 device resources after synthesis - the final resource count might be different
    Info (21058): Implemented 32 input pins
    Info (21059): Implemented 32 output pins
Info: Quartus II 64-Bit Analysis & Synthesis was successful. 0 errors, 68 warnings
    Info: Peak virtual memory: 642 megabytes
    Info: Processing ended: Tue Jul 12 21:43:58 2016
    Info: Elapsed time: 00:00:05
    Info: Total CPU time (on all processors): 00:00:04


